#
# A fatal error has been detected by the Java Runtime Environment:
#
#  EXCEPTION_ACCESS_VIOLATION (0xc0000005) at pc=0x6e81fb62, pid=1164, tid=3080
#
# JRE version: Java(TM) SE Runtime Environment (7.0_79-b15) (build 1.7.0_79-b15)
# Java VM: Java HotSpot(TM) Client VM (24.79-b02 mixed mode, sharing windows-x86 )
# Problematic frame:
# V  [jvm.dll+0x7fb62]
#
# Failed to write core dump. Minidumps are not enabled by default on client versions of Windows
#
# If you would like to submit a bug report, please visit:
#   http://bugreport.java.com/bugreport/crash.jsp
#

---------------  T H R E A D  ---------------

Current thread (0x02a5a000):  VMThread [stack: 0x02ca0000,0x02cf0000] [id=3080]

siginfo: ExceptionCode=0xc0000005, reading address 0x00000058

Registers:
EAX=0x00000000, EBX=0x37642a48, ECX=0x376428a8, EDX=0x2adc8e80
ESP=0x02cef69c, EBP=0x02cef6ac, ESI=0x0085ebc0, EDI=0x237858a8
EIP=0x6e81fb62, EFLAGS=0x00010202

Top of Stack: (sp=0x02cef69c)
0x02cef69c:   02cef820 2adc8e7c 37642a48 0085ebc0
0x02cef6ac:   02cef6cc 6e843d63 237858a8 2b72d1b8
0x02cef6bc:   2adc8e68 02cef820 37642a50 376428e8
0x02cef6cc:   02cef6ec 6e82ed03 2adc8e68 2adc8e80
0x02cef6dc:   02a42e38 02cef820 0085e27c 02a42f50
0x02cef6ec:   02cef700 6e8280e1 02cef820 0085e220
0x02cef6fc:   00000001 02cef718 6e8256d7 02cef820
0x02cef70c:   00000000 0085e220 02cef808 02cef910 

Instructions: (pc=0x6e81fb62)
0x6e81fb42:   83 e1 3f d3 e3 4a c1 f8 10 25 ff 00 00 00 03 da
0x6e81fb52:   03 d8 f7 d2 c1 eb 02 c1 ea 02 23 da eb 0a 8b 01
0x6e81fb62:   8b 50 58 57 ff d2 8b d8 8b 07 f6 d0 a8 01 8b 07
0x6e81fb72:   74 05 83 e0 fd 8b 00 c1 e8 03 83 e0 0f 3b 86 8c 


Register to memory mapping:

EAX=0x00000000 is an unknown value
EBX=0x37642a48 is pointing into object: 0x376428e0
{instance class} 
 - klass: {other class}
ECX=0x376428a8 is pointing into object: 0x37642898
{method} 
 - klass: {other class}
EDX=0x2adc8e80 is an oop
java.util.HashMap$Entry 
 - klass: 'java/util/HashMap$Entry'
ESP=0x02cef69c is an unknown value
EBP=0x02cef6ac is an unknown value
ESI=0x0085ebc0 is an unknown value
EDI=
[error occurred during error reporting (printing register info), id 0xc0000005]

Stack: [0x02ca0000,0x02cf0000],  sp=0x02cef69c,  free space=317k
Native frames: (J=compiled Java code, j=interpreted, Vv=VM code, C=native code)
V  [jvm.dll+0x7fb62]
V  [jvm.dll+0xa3d63]
V  [jvm.dll+0x8ed03]
V  [jvm.dll+0x880e1]
V  [jvm.dll+0x856d7]
V  [jvm.dll+0x7f3f7]
V  [jvm.dll+0x86719]
V  [jvm.dll+0x7d2a3]
V  [jvm.dll+0x1a0256]
V  [jvm.dll+0x16958b]
V  [jvm.dll+0x168941]
V  [jvm.dll+0x168d57]
V  [jvm.dll+0x168f52]
V  [jvm.dll+0x1a8d99]
C  [msvcr100.dll+0x5c556]
C  [msvcr100.dll+0x5c600]
C  [kernel32.dll+0xb713]

VM_Operation (0x0098eb38): GenCollectForAllocation, mode: safepoint, requested by thread 0x0085a000


---------------  P R O C E S S  ---------------

Java Threads: ( => current thread )
  0x02ad6800 JavaThread "Service Thread" daemon [_thread_blocked, id=3512, stack(0x02e80000,0x02ed0000)]
  0x02acbc00 JavaThread "C1 CompilerThread0" daemon [_thread_blocked, id=2020, stack(0x02e30000,0x02e80000)]
  0x02aca000 JavaThread "Attach Listener" daemon [_thread_blocked, id=3656, stack(0x02de0000,0x02e30000)]
  0x02ac8c00 JavaThread "Signal Dispatcher" daemon [_thread_blocked, id=736, stack(0x02d90000,0x02de0000)]
  0x02a5d000 JavaThread "Finalizer" daemon [_thread_blocked, id=220, stack(0x02d40000,0x02d90000)]
  0x02a5bc00 JavaThread "Reference Handler" daemon [_thread_blocked, id=3156, stack(0x02cf0000,0x02d40000)]
  0x0085a000 JavaThread "main" [_thread_blocked, id=3508, stack(0x00940000,0x00990000)]

Other Threads:
=>0x02a5a000 VMThread [stack: 0x02ca0000,0x02cf0000] [id=3080]
  0x02aed400 WatcherThread [stack: 0x02ed0000,0x02f20000] [id=1576]

VM state:at safepoint (normal execution)

VM Mutex/Monitor currently owned by a thread:  ([mutex/lock_event])
[0x00858d30] Threads_lock - owner thread: 0x02a5a000
[0x00859140] Heap_lock - owner thread: 0x0085a000

Heap
 def new generation   total 70016K, used 62272K [0x22c00000, 0x277f0000, 0x28150000)
  eden space 62272K, 100% used [0x22c00000, 0x268d0000, 0x268d0000)
  from space 7744K,   0% used [0x268d0000, 0x268d0000, 0x27060000)
  to   space 7744K, 100% used [0x27060000, 0x277f0000, 0x277f0000)
 tenured generation   total 155408K, used 57044K [0x28150000, 0x31914000, 0x32c00000)
   the space 155408K,  36% used [0x28150000, 0x2b9053a0, 0x2b905400, 0x31914000)
 compacting perm gen  total 12288K, used 1803K [0x32c00000, 0x33800000, 0x36c00000)
   the space 12288K,  14% used [0x32c00000, 0x32dc2c10, 0x32dc2e00, 0x33800000)
    ro space 10240K,  42% used [0x36c00000, 0x37036058, 0x37036200, 0x37600000)
    rw space 12288K,  51% used [0x37600000, 0x37c3bdb0, 0x37c3be00, 0x38200000)

Card table byte_map: [0x02b40000,0x02bf0000] byte_map_base: 0x02a2a000

Polling page: 0x00990000

Code Cache  [0x009c0000, 0x00b28000, 0x029c0000)
 total_blobs=617 nmethods=461 adapters=93 free_code_cache=31355Kb largest_free_block=32108160

Compilation events (10 events):
Event: 30.318 Thread 0x02acbc00  456             java.util.HashSet::contains (9 bytes)
Event: 30.318 Thread 0x02acbc00 nmethod 456 0x00b1fc48 code [0x00b1fd50, 0x00b1fdec]
Event: 30.318 Thread 0x02acbc00  457             java.util.regex.Pattern$Branch::match (66 bytes)
Event: 30.319 Thread 0x02acbc00 nmethod 457 0x00b1fe48 code [0x00b1ff70, 0x00b200e8]
Event: 31.233 Thread 0x02acbc00  458             java.lang.String::indexOf (25 bytes)
Event: 31.233 Thread 0x02acbc00 nmethod 458 0x00b20248 code [0x00b20350, 0x00b2041c]
Event: 31.236 Thread 0x02acbc00  459  s          java.util.Hashtable::get (70 bytes)
Event: 31.236 Thread 0x02acbc00 nmethod 459 0x00b20508 code [0x00b20630, 0x00b20918]
Event: 35.305 Thread 0x02acbc00  461   !         java.lang.ref.ReferenceQueue::poll (28 bytes)
Event: 35.306 Thread 0x02acbc00 nmethod 461 0x00b20d88 code [0x00b20e90, 0x00b210bc]

GC Heap History (10 events):
Event: 32.481 GC heap after
Heap after GC invocations=50 (full 15):
 def new generation   total 70016K, used 0K [0x22c00000, 0x277f0000, 0x28150000)
  eden space 62272K,   0% used [0x22c00000, 0x22c00000, 0x268d0000)
  from space 7744K,   0% used [0x268d0000, 0x268d0000, 0x27060000)
  to   space 7744K,   0% used [0x27060000, 0x27060000, 0x277f0000)
 tenured generation   total 155408K, used 76466K [0x28150000, 0x31914000, 0x32c00000)
   the space 155408K,  49% used [0x28150000, 0x2cbfca48, 0x2cbfcc00, 0x31914000)
 compacting perm gen  total 12288K, used 1803K [0x32c00000, 0x33800000, 0x36c00000)
   the space 12288K,  14% used [0x32c00000, 0x32dc2c30, 0x32dc2e00, 0x33800000)
    ro space 10240K,  42% used [0x36c00000, 0x37036058, 0x37036200, 0x37600000)
    rw space 12288K,  51% used [0x37600000, 0x37c3bdb0, 0x37c3be00, 0x38200000)
}
Event: 32.740 GC heap before
{Heap before GC invocations=50 (full 15):
 def new generation   total 70016K, used 62272K [0x22c00000, 0x277f0000, 0x28150000)
  eden space 62272K, 100% used [0x22c00000, 0x268d0000, 0x268d0000)
  from space 7744K,   0% used [0x268d0000, 0x268d0000, 0x27060000)
  to   space 7744K,   0% used [0x27060000, 0x27060000, 0x277f0000)
 tenured generation   total 155408K, used 76466K [0x28150000, 0x31914000, 0x32c00000)
   the space 155408K,  49% used [0x28150000, 0x2cbfca48, 0x2cbfcc00, 0x31914000)
 compacting perm gen  total 12288K, used 1803K [0x32c00000, 0x33800000, 0x36c00000)
   the space 12288K,  14% used [0x32c00000, 0x32dc2c30, 0x32dc2e00, 0x33800000)
    ro space 10240K,  42% used [0x36c00000, 0x37036058, 0x37036200, 0x37600000)
    rw space 12288K,  51% used [0x37600000, 0x37c3bdb0, 0x37c3be00, 0x38200000)
Event: 32.891 GC heap after
Heap after GC invocations=51 (full 15):
 def new generation   total 70016K, used 7743K [0x22c00000, 0x277f0000, 0x28150000)
  eden space 62272K,   0% used [0x22c00000, 0x22c00000, 0x268d0000)
  from space 7744K,  99% used [0x27060000, 0x277efff8, 0x277f0000)
  to   space 7744K,   0% used [0x268d0000, 0x268d0000, 0x27060000)
 tenured generation   total 155408K, used 103719K [0x28150000, 0x31914000, 0x32c00000)
   the space 155408K,  66% used [0x28150000, 0x2e699cb0, 0x2e699e00, 0x31914000)
 compacting perm gen  total 12288K, used 1803K [0x32c00000, 0x33800000, 0x36c00000)
   the space 12288K,  14% used [0x32c00000, 0x32dc2c30, 0x32dc2e00, 0x33800000)
    ro space 10240K,  42% used [0x36c00000, 0x37036058, 0x37036200, 0x37600000)
    rw space 12288K,  51% used [0x37600000, 0x37c3bdb0, 0x37c3be00, 0x38200000)
}
Event: 33.314 GC heap before
{Heap before GC invocations=51 (full 15):
 def new generation   total 70016K, used 69570K [0x22c00000, 0x277f0000, 0x28150000)
  eden space 62272K,  99% used [0x22c00000, 0x268609b8, 0x268d0000)
  from space 7744K,  99% used [0x27060000, 0x277efff8, 0x277f0000)
  to   space 7744K,   0% used [0x268d0000, 0x268d0000, 0x27060000)
 tenured generation   total 155408K, used 103719K [0x28150000, 0x31914000, 0x32c00000)
   the space 155408K,  66% used [0x28150000, 0x2e699cb0, 0x2e699e00, 0x31914000)
 compacting perm gen  total 12288K, used 1803K [0x32c00000, 0x33800000, 0x36c00000)
   the space 12288K,  14% used [0x32c00000, 0x32dc2c30, 0x32dc2e00, 0x33800000)
    ro space 10240K,  42% used [0x36c00000, 0x37036058, 0x37036200, 0x37600000)
    rw space 12288K,  51% used [0x37600000, 0x37c3bdb0, 0x37c3be00, 0x38200000)
Event: 33.382 GC heap after
Heap after GC invocations=52 (full 15):
 def new generation   total 70016K, used 7744K [0x22c00000, 0x277f0000, 0x28150000)
  eden space 62272K,   0% used [0x22c00000, 0x22c00000, 0x268d0000)
  from space 7744K, 100% used [0x268d0000, 0x27060000, 0x27060000)
  to   space 7744K,   0% used [0x27060000, 0x27060000, 0x277f0000)
 tenured generation   total 155408K, used 126151K [0x28150000, 0x31914000, 0x32c00000)
   the space 155408K,  81% used [0x28150000, 0x2fc81ff0, 0x2fc82000, 0x31914000)
 compacting perm gen  total 12288K, used 1803K [0x32c00000, 0x33800000, 0x36c00000)
   the space 12288K,  14% used [0x32c00000, 0x32dc2c30, 0x32dc2e00, 0x33800000)
    ro space 10240K,  42% used [0x36c00000, 0x37036058, 0x37036200, 0x37600000)
    rw space 12288K,  51% used [0x37600000, 0x37c3bdb0, 0x37c3be00, 0x38200000)
}
Event: 34.100 GC heap before
{Heap before GC invocations=52 (full 15):
 def new generation   total 70016K, used 69764K [0x22c00000, 0x277f0000, 0x28150000)
  eden space 62272K,  99% used [0x22c00000, 0x268912b0, 0x268d0000)
  from space 7744K, 100% used [0x268d0000, 0x27060000, 0x27060000)
  to   space 7744K,   0% used [0x27060000, 0x27060000, 0x277f0000)
 tenured generation   total 155408K, used 126151K [0x28150000, 0x31914000, 0x32c00000)
   the space 155408K,  81% used [0x28150000, 0x2fc81ff0, 0x2fc82000, 0x31914000)
 compacting perm gen  total 12288K, used 1803K [0x32c00000, 0x33800000, 0x36c00000)
   the space 12288K,  14% used [0x32c00000, 0x32dc2c30, 0x32dc2e00, 0x33800000)
    ro space 10240K,  42% used [0x36c00000, 0x37036058, 0x37036200, 0x37600000)
    rw space 12288K,  51% used [0x37600000, 0x37c3bdb0, 0x37c3be00, 0x38200000)
Event: 34.120 GC heap after
Heap after GC invocations=53 (full 15):
 def new generation   total 70016K, used 7143K [0x22c00000, 0x277f0000, 0x28150000)
  eden space 62272K,   0% used [0x22c00000, 0x22c00000, 0x268d0000)
  from space 7744K,  92% used [0x27060000, 0x27759dd8, 0x277f0000)
  to   space 7744K,   0% used [0x268d0000, 0x268d0000, 0x27060000)
 tenured generation   total 155408K, used 133895K [0x28150000, 0x31914000, 0x32c00000)
   the space 155408K,  86% used [0x28150000, 0x30411ff0, 0x30412000, 0x31914000)
 compacting perm gen  total 12288K, used 1803K [0x32c00000, 0x33800000, 0x36c00000)
   the space 12288K,  14% used [0x32c00000, 0x32dc2c30, 0x32dc2e00, 0x33800000)
    ro space 10240K,  42% used [0x36c00000, 0x37036058, 0x37036200, 0x37600000)
    rw space 12288K,  51% used [0x37600000, 0x37c3bdb0, 0x37c3be00, 0x38200000)
}
Event: 35.428 GC heap before
{Heap before GC invocations=53 (full 15):
 def new generation   total 70016K, used 68158K [0x22c00000, 0x277f0000, 0x28150000)
  eden space 62272K,  97% used [0x22c00000, 0x26795da8, 0x268d0000)
  from space 7744K,  92% used [0x27060000, 0x27759dd8, 0x277f0000)
  to   space 7744K,   0% used [0x268d0000, 0x268d0000, 0x27060000)
 tenured generation   total 155408K, used 133895K [0x28150000, 0x31914000, 0x32c00000)
   the space 155408K,  86% used [0x28150000, 0x30411ff0, 0x30412000, 0x31914000)
 compacting perm gen  total 12288K, used 1803K [0x32c00000, 0x33800000, 0x36c00000)
   the space 12288K,  14% used [0x32c00000, 0x32dc2c30, 0x32dc2e00, 0x33800000)
    ro space 10240K,  42% used [0x36c00000, 0x37036058, 0x37036200, 0x37600000)
    rw space 12288K,  51% used [0x37600000, 0x37c3bdb0, 0x37c3be00, 0x38200000)
Event: 35.800 GC heap after
Heap after GC invocations=54 (full 16):
 def new generation   total 70016K, used 0K [0x22c00000, 0x277f0000, 0x28150000)
  eden space 62272K,   0% used [0x22c00000, 0x22c00000, 0x268d0000)
  from space 7744K,   0% used [0x268d0000, 0x268d0000, 0x27060000)
  to   space 7744K,   0% used [0x27060000, 0x27060000, 0x277f0000)
 tenured generation   total 155408K, used 38401K [0x28150000, 0x31914000, 0x32c00000)
   the space 155408K,  24% used [0x28150000, 0x2a6d0458, 0x2a6d0600, 0x31914000)
 compacting perm gen  total 12288K, used 1803K [0x32c00000, 0x33800000, 0x36c00000)
   the space 12288K,  14% used [0x32c00000, 0x32dc2c10, 0x32dc2e00, 0x33800000)
    ro space 10240K,  42% used [0x36c00000, 0x37036058, 0x37036200, 0x37600000)
    rw space 12288K,  51% used [0x37600000, 0x37c3bdb0, 0x37c3be00, 0x38200000)
}
Event: 36.089 GC heap before
{Heap before GC invocations=54 (full 16):
 def new generation   total 70016K, used 62272K [0x22c00000, 0x277f0000, 0x28150000)
  eden space 62272K, 100% used [0x22c00000, 0x268d0000, 0x268d0000)
  from space 7744K,   0% used [0x268d0000, 0x268d0000, 0x27060000)
  to   space 7744K,   0% used [0x27060000, 0x27060000, 0x277f0000)
 tenured generation   total 155408K, used 38401K [0x28150000, 0x31914000, 0x32c00000)
   the space 155408K,  24% used [0x28150000, 0x2a6d0458, 0x2a6d0600, 0x31914000)
 compacting perm gen  total 12288K, used 1803K [0x32c00000, 0x33800000, 0x36c00000)
   the space 12288K,  14% used [0x32c00000, 0x32dc2c10, 0x32dc2e00, 0x33800000)
    ro space 10240K,  42% used [0x36c00000, 0x37036058, 0x37036200, 0x37600000)
    rw space 12288K,  51% used [0x37600000, 0x37c3bdb0, 0x37c3be00, 0x38200000)

Deoptimization events (0 events):
No events

Internal exceptions (10 events):
Event: 12.150 Thread 0x0085a000 Threw 0x22e96720 at C:\re\jdk7u79\2331\hotspot\src\share\vm\prims\jvm.cpp:1304
Event: 12.151 Thread 0x0085a000 Threw 0x22e9a6a0 at C:\re\jdk7u79\2331\hotspot\src\share\vm\prims\jvm.cpp:1304
Event: 12.153 Thread 0x0085a000 Threw 0x22ea3ed0 at C:\re\jdk7u79\2331\hotspot\src\share\vm\prims\jvm.cpp:1304
Event: 12.157 Thread 0x0085a000 Threw 0x22eaf418 at C:\re\jdk7u79\2331\hotspot\src\share\vm\prims\jvm.cpp:1304
Event: 12.158 Thread 0x0085a000 Threw 0x22eb5c00 at C:\re\jdk7u79\2331\hotspot\src\share\vm\prims\jvm.cpp:1304
Event: 12.159 Thread 0x0085a000 Threw 0x22ebca08 at C:\re\jdk7u79\2331\hotspot\src\share\vm\prims\jvm.cpp:1304
Event: 12.163 Thread 0x0085a000 Threw 0x22ed09c0 at C:\re\jdk7u79\2331\hotspot\src\share\vm\prims\jvm.cpp:1304
Event: 12.166 Thread 0x0085a000 Threw 0x22edc188 at C:\re\jdk7u79\2331\hotspot\src\share\vm\prims\jvm.cpp:1304
Event: 12.170 Thread 0x0085a000 Threw 0x22f01a20 at C:\re\jdk7u79\2331\hotspot\src\share\vm\prims\jvm.cpp:1304
Event: 12.529 Thread 0x0085a000 Threw 0x24ace098 at C:\re\jdk7u79\2331\hotspot\src\share\vm\prims\jvm.cpp:1304

Events (10 events):
Event: 32.481 Executing VM operation: GenCollectForAllocation done
Event: 32.740 Executing VM operation: GenCollectForAllocation
Event: 32.891 Executing VM operation: GenCollectForAllocation done
Event: 33.314 Executing VM operation: GenCollectForAllocation
Event: 33.382 Executing VM operation: GenCollectForAllocation done
Event: 34.100 Executing VM operation: GenCollectForAllocation
Event: 34.120 Executing VM operation: GenCollectForAllocation done
Event: 35.428 Executing VM operation: GenCollectForAllocation
Event: 35.800 Executing VM operation: GenCollectForAllocation done
Event: 36.089 Executing VM operation: GenCollectForAllocation


Dynamic libraries:
0x00400000 - 0x0042f000 	C:\Archivos de programa\Java\jre7\bin\javaw.exe
0x7c910000 - 0x7c9c5000 	C:\WINDOWS\system32\ntdll.dll
0x7c800000 - 0x7c903000 	C:\WINDOWS\system32\kernel32.dll
0x77da0000 - 0x77e4c000 	C:\WINDOWS\system32\ADVAPI32.dll
0x77e50000 - 0x77ee2000 	C:\WINDOWS\system32\RPCRT4.dll
0x77fc0000 - 0x77fd1000 	C:\WINDOWS\system32\Secur32.dll
0x7e390000 - 0x7e421000 	C:\WINDOWS\system32\USER32.dll
0x77ef0000 - 0x77f39000 	C:\WINDOWS\system32\GDI32.dll
0x773a0000 - 0x774a3000 	C:\WINDOWS\WinSxS\x86_Microsoft.Windows.Common-Controls_6595b64144ccf1df_6.0.2600.5512_x-ww_35d4ce83\COMCTL32.dll
0x77be0000 - 0x77c38000 	C:\WINDOWS\system32\msvcrt.dll
0x77f40000 - 0x77fb6000 	C:\WINDOWS\system32\SHLWAPI.dll
0x78aa0000 - 0x78b5f000 	C:\Archivos de programa\Java\jre7\bin\msvcr100.dll
0x6e7a0000 - 0x6eb29000 	C:\Archivos de programa\Java\jre7\bin\client\jvm.dll
0x71a50000 - 0x71a5a000 	C:\WINDOWS\system32\WSOCK32.dll
0x71a30000 - 0x71a47000 	C:\WINDOWS\system32\WS2_32.dll
0x71a20000 - 0x71a28000 	C:\WINDOWS\system32\WS2HELP.dll
0x76b00000 - 0x76b2e000 	C:\WINDOWS\system32\WINMM.dll
0x76bb0000 - 0x76bbb000 	C:\WINDOWS\system32\PSAPI.DLL
0x6e6f0000 - 0x6e6fc000 	C:\Archivos de programa\Java\jre7\bin\verify.dll
0x6d480000 - 0x6d4a0000 	C:\Archivos de programa\Java\jre7\bin\java.dll
0x6e780000 - 0x6e793000 	C:\Archivos de programa\Java\jre7\bin\zip.dll
0x6e4e0000 - 0x6e4f4000 	C:\Archivos de programa\Java\jre7\bin\net.dll
0x6e500000 - 0x6e50f000 	C:\Archivos de programa\Java\jre7\bin\nio.dll
0x719d0000 - 0x71a10000 	C:\WINDOWS\System32\mswsock.dll
0x76ee0000 - 0x76f07000 	C:\WINDOWS\system32\DNSAPI.dll
0x76f70000 - 0x76f78000 	C:\WINDOWS\System32\winrnr.dll
0x76f20000 - 0x76f4d000 	C:\WINDOWS\system32\WLDAP32.dll
0x76f80000 - 0x76f86000 	C:\WINDOWS\system32\rasadhlp.dll
0x10000000 - 0x10081000 	C:\Archivos de programa\Avira\AntiVir Desktop\avsda.dll
0x76d20000 - 0x76d39000 	C:\WINDOWS\system32\IPHLPAPI.DLL
0x66740000 - 0x66799000 	C:\WINDOWS\system32\hnetcfg.dll
0x71a10000 - 0x71a18000 	C:\WINDOWS\System32\wshtcpip.dll
0x5d4b0000 - 0x5d551000 	C:\WINDOWS\system32\dbghelp.dll
0x77bd0000 - 0x77bd8000 	C:\WINDOWS\system32\VERSION.dll

VM Arguments:
jvm_args: -Dfile.encoding=Cp1252 
java_command: Main
Launcher Type: SUN_STANDARD

Environment Variables:
PATH=C:/Archivos de programa/Java/jre7/bin/client;C:/Archivos de programa/Java/jre7/bin;C:/Archivos de programa/Java/jre7/lib/i386;C:\Archivos de programa\Rockwell Software\RSCommon;C:\WINDOWS\system32;C:\WINDOWS;C:\WINDOWS\System32\Wbem;C:\Archivos de programa\Archivos comunes\Adobe\AGL;C:\Python27\Scripts;C:\Python27\;C:\Archivos de programa\PostgreSQL\8.4\bin;C:\xampp\php;C:\Documents and Settings\All Users\Datos de programa\ComposerSetup\bin;C:\Documents and Settings\Anibal\Escritorio\eclipse;
USERNAME=Anibal
OS=Windows_NT
PROCESSOR_IDENTIFIER=x86 Family 6 Model 15 Stepping 13, GenuineIntel



---------------  S Y S T E M  ---------------

OS: Windows XP Build 2600 Service Pack 3

CPU:total 2 (2 cores per cpu, 1 threads per core) family 6 model 15 stepping 13, cmov, cx8, fxsr, mmx, sse, sse2, sse3, ssse3, tsc

Memory: 4k page, physical 2087276k(274572k free), swap 4025452k(1888008k free)

vm_info: Java HotSpot(TM) Client VM (24.79-b02) for windows-x86 JRE (1.7.0_79-b15), built on Apr 10 2015 16:49:13 by "java_re" with unknown MS VC++:1600

time: Wed Jul 22 12:40:45 2015
elapsed time: 36 seconds

