#
# A fatal error has been detected by the Java Runtime Environment:
#
#  EXCEPTION_ACCESS_VIOLATION (0xc0000005) at pc=0x6e81fb1f, pid=5632, tid=4444
#
# JRE version: Java(TM) SE Runtime Environment (7.0_79-b15) (build 1.7.0_79-b15)
# Java VM: Java HotSpot(TM) Client VM (24.79-b02 mixed mode, sharing windows-x86 )
# Problematic frame:
# V  [jvm.dll+0x7fb1f]
#
# Failed to write core dump. Minidumps are not enabled by default on client versions of Windows
#
# If you would like to submit a bug report, please visit:
#   http://bugreport.java.com/bugreport/crash.jsp
#

---------------  T H R E A D  ---------------

Current thread (0x02a5a000):  VMThread [stack: 0x02ca0000,0x02cf0000] [id=4444]

siginfo: ExceptionCode=0xc0000005, reading address 0x0000000c

Registers:
EAX=0x23cc28b0, EBX=0x37640bb0, ECX=0x00000000, EDX=0x30a9db8c
ESP=0x02cef89c, EBP=0x02cef8ac, ESI=0x0085ebc0, EDI=0x23cc28b0
EIP=0x6e81fb1f, EFLAGS=0x00010293

Top of Stack: (sp=0x02cef89c)
0x02cef89c:   02cefa20 30a9db84 37640bb0 0085ebc0
0x02cef8ac:   02cef8cc 6e843d63 23cc28b0 30b82540
0x02cef8bc:   30a9db60 02cefa20 37640bb8 376409b8
0x02cef8cc:   02cef8ec 6e82ed03 30a9db60 30a9db8c
0x02cef8dc:   02a42e38 02cefa20 0085e27c 02a42f50
0x02cef8ec:   02cef900 6e8280e1 02cefa20 0085e220
0x02cef8fc:   00000001 02cef918 6e8256d7 02cefa20
0x02cef90c:   00000000 0085e220 02cefa08 02cefb10 

Instructions: (pc=0x6e81fb1f)
0x6e81faff:   bd fb ff ff c6 83 a0 01 00 00 00 5e 5b 5d c2 04
0x6e81fb0f:   00 55 8b ec 51 53 56 57 8b 7d 08 8b f1 8b 4f 04
0x6e81fb1f:   8b 41 0c 83 c1 08 89 75 fc 85 c0 7e 09 a8 01 75
0x6e81fb2f:   30 c1 f8 02 eb 33 79 29 8b 5f 08 8b 15 6c d2 ac 


Register to memory mapping:

EAX=0x23cc28b0 is pointing into object: 0x23cc2888
java.util.HashMap 
 - klass: 'java/util/HashMap'
EBX=0x37640bb0 is pointing into object: 0x376409b0
{instance class} 
 - klass: {other class}
ECX=0x00000000 is an unknown value
EDX=0x30a9db8c is pointing into object: 0x30a9db60
java.util.HashMap 
 - klass: 'java/util/HashMap'
ESP=0x02cef89c is an unknown value
EBP=0x02cef8ac is an unknown value
ESI=0x0085ebc0 is an unknown value
EDI=0x23cc28b0 is pointing into object: 0x23cc2888
java.util.HashMap 
 - klass: 'java/util/HashMap'


Stack: [0x02ca0000,0x02cf0000],  sp=0x02cef89c,  free space=318k
Native frames: (J=compiled Java code, j=interpreted, Vv=VM code, C=native code)
V  [jvm.dll+0x7fb1f]
V  [jvm.dll+0xa3d63]
V  [jvm.dll+0x8ed03]
V  [jvm.dll+0x880e1]
V  [jvm.dll+0x856d7]
V  [jvm.dll+0x7f3f7]
V  [jvm.dll+0x86719]
V  [jvm.dll+0x7d2a3]
V  [jvm.dll+0x1a0256]
V  [jvm.dll+0x16958b]
V  [jvm.dll+0x168941]
V  [jvm.dll+0x168d57]
V  [jvm.dll+0x168f52]
V  [jvm.dll+0x1a8d99]
C  [msvcr100.dll+0x5c556]
C  [msvcr100.dll+0x5c600]
C  [kernel32.dll+0xb713]

VM_Operation (0x0098e8d8): GenCollectForAllocation, mode: safepoint, requested by thread 0x0085a000


---------------  P R O C E S S  ---------------

Java Threads: ( => current thread )
  0x02ad6800 JavaThread "Service Thread" daemon [_thread_blocked, id=5828, stack(0x02e80000,0x02ed0000)]
  0x02acbc00 JavaThread "C1 CompilerThread0" daemon [_thread_blocked, id=6080, stack(0x02e30000,0x02e80000)]
  0x02aca000 JavaThread "Attach Listener" daemon [_thread_blocked, id=4964, stack(0x02de0000,0x02e30000)]
  0x02ac8c00 JavaThread "Signal Dispatcher" daemon [_thread_blocked, id=2184, stack(0x02d90000,0x02de0000)]
  0x02a5d000 JavaThread "Finalizer" daemon [_thread_blocked, id=560, stack(0x02d40000,0x02d90000)]
  0x02a5bc00 JavaThread "Reference Handler" daemon [_thread_blocked, id=324, stack(0x02cf0000,0x02d40000)]
  0x0085a000 JavaThread "main" [_thread_blocked, id=5232, stack(0x00940000,0x00990000)]

Other Threads:
=>0x02a5a000 VMThread [stack: 0x02ca0000,0x02cf0000] [id=4444]
  0x02af2000 WatcherThread [stack: 0x02ed0000,0x02f20000] [id=5344]

VM state:at safepoint (normal execution)

VM Mutex/Monitor currently owned by a thread:  ([mutex/lock_event])
[0x00858d30] Threads_lock - owner thread: 0x02a5a000
[0x00859140] Heap_lock - owner thread: 0x0085a000

Heap
 def new generation   total 64512K, used 64512K [0x22c00000, 0x271f0000, 0x28150000)
  eden space 57408K, 100% used [0x22c00000, 0x26410000, 0x26410000)
  from space 7104K, 100% used [0x26410000, 0x26b00000, 0x26b00000)
  to   space 7104K, 100% used [0x26b00000, 0x271f0000, 0x271f0000)
 tenured generation   total 143308K, used 143259K [0x28150000, 0x30d43000, 0x32c00000)
   the space 143308K,  99% used [0x28150000, 0x30d36ef0, 0x30d37000, 0x30d43000)
 compacting perm gen  total 12288K, used 1809K [0x32c00000, 0x33800000, 0x36c00000)
   the space 12288K,  14% used [0x32c00000, 0x32dc4590, 0x32dc4600, 0x33800000)
    ro space 10240K,  42% used [0x36c00000, 0x37036058, 0x37036200, 0x37600000)
    rw space 12288K,  51% used [0x37600000, 0x37c3bdb0, 0x37c3be00, 0x38200000)

Card table byte_map: [0x02b40000,0x02bf0000] byte_map_base: 0x02a2a000

Polling page: 0x00990000

Code Cache  [0x009c0000, 0x00b58000, 0x029c0000)
 total_blobs=677 nmethods=521 adapters=93 free_code_cache=31146Kb largest_free_block=31893632

Compilation events (10 events):
Event: 527.894 Thread 0x02acbc00  517             edu.stanford.nlp.tagger.maxent.TestSentence::getTaggedSentence (151 bytes)
Event: 527.896 Thread 0x02acbc00 nmethod 517 0x00b4e888 code [0x00b4ea10, 0x00b4eeac]
Event: 527.896 Thread 0x02acbc00  518             edu.stanford.nlp.tagger.maxent.TestSentence::getTaggedNice (78 bytes)
Event: 527.897 Thread 0x02acbc00 nmethod 518 0x00b4f348 code [0x00b4f4b0, 0x00b4f7e8]
Event: 529.885 Thread 0x02acbc00  519             edu.stanford.nlp.ling.Sentence::toUntaggedList (52 bytes)
Event: 529.886 Thread 0x02acbc00 nmethod 519 0x00b4fbc8 code [0x00b4fd20, 0x00b4ffe0]
Event: 551.093 Thread 0x02acbc00  520             java.util.regex.Matcher::appendReplacement (535 bytes)
Event: 551.099 Thread 0x02acbc00 nmethod 520 0x00b502c8 code [0x00b50670, 0x00b51bc4]
Event: 619.678 Thread 0x02acbc00  521             java.util.regex.Pattern::split (261 bytes)
Event: 619.681 Thread 0x02acbc00 nmethod 521 0x00b53908 code [0x00b53bc0, 0x00b54744]

GC Heap History (10 events):
Event: 647.896 GC heap after
Heap after GC invocations=1101 (full 292):
 def new generation   total 64512K, used 0K [0x22c00000, 0x271f0000, 0x28150000)
  eden space 57408K,   0% used [0x22c00000, 0x22c00000, 0x26410000)
  from space 7104K,   0% used [0x26410000, 0x26410000, 0x26b00000)
  to   space 7104K,   0% used [0x26b00000, 0x26b00000, 0x271f0000)
 tenured generation   total 143180K, used 36071K [0x28150000, 0x30d23000, 0x32c00000)
   the space 143180K,  25% used [0x28150000, 0x2a489f58, 0x2a48a000, 0x30d23000)
 compacting perm gen  total 12288K, used 1809K [0x32c00000, 0x33800000, 0x36c00000)
   the space 12288K,  14% used [0x32c00000, 0x32dc4590, 0x32dc4600, 0x33800000)
    ro space 10240K,  42% used [0x36c00000, 0x37036058, 0x37036200, 0x37600000)
    rw space 12288K,  51% used [0x37600000, 0x37c3bdb0, 0x37c3be00, 0x38200000)
}
Event: 648.164 GC heap before
{Heap before GC invocations=1101 (full 292):
 def new generation   total 64512K, used 57408K [0x22c00000, 0x271f0000, 0x28150000)
  eden space 57408K, 100% used [0x22c00000, 0x26410000, 0x26410000)
  from space 7104K,   0% used [0x26410000, 0x26410000, 0x26b00000)
  to   space 7104K,   0% used [0x26b00000, 0x26b00000, 0x271f0000)
 tenured generation   total 143180K, used 36071K [0x28150000, 0x30d23000, 0x32c00000)
   the space 143180K,  25% used [0x28150000, 0x2a489f58, 0x2a48a000, 0x30d23000)
 compacting perm gen  total 12288K, used 1809K [0x32c00000, 0x33800000, 0x36c00000)
   the space 12288K,  14% used [0x32c00000, 0x32dc4590, 0x32dc4600, 0x33800000)
    ro space 10240K,  42% used [0x36c00000, 0x37036058, 0x37036200, 0x37600000)
    rw space 12288K,  51% used [0x37600000, 0x37c3bdb0, 0x37c3be00, 0x38200000)
Event: 648.338 GC heap after
Heap after GC invocations=1102 (full 292):
 def new generation   total 64512K, used 7104K [0x22c00000, 0x271f0000, 0x28150000)
  eden space 57408K,   0% used [0x22c00000, 0x22c00000, 0x26410000)
  from space 7104K, 100% used [0x26b00000, 0x271f0000, 0x271f0000)
  to   space 7104K,   0% used [0x26410000, 0x26410000, 0x26b00000)
 tenured generation   total 143180K, used 58994K [0x28150000, 0x30d23000, 0x32c00000)
   the space 143180K,  41% used [0x28150000, 0x2baec998, 0x2baeca00, 0x30d23000)
 compacting perm gen  total 12288K, used 1809K [0x32c00000, 0x33800000, 0x36c00000)
   the space 12288K,  14% used [0x32c00000, 0x32dc4590, 0x32dc4600, 0x33800000)
    ro space 10240K,  42% used [0x36c00000, 0x37036058, 0x37036200, 0x37600000)
    rw space 12288K,  51% used [0x37600000, 0x37c3bdb0, 0x37c3be00, 0x38200000)
}
Event: 648.584 GC heap before
{Heap before GC invocations=1102 (full 292):
 def new generation   total 64512K, used 64512K [0x22c00000, 0x271f0000, 0x28150000)
  eden space 57408K, 100% used [0x22c00000, 0x26410000, 0x26410000)
  from space 7104K, 100% used [0x26b00000, 0x271f0000, 0x271f0000)
  to   space 7104K,   0% used [0x26410000, 0x26410000, 0x26b00000)
 tenured generation   total 143180K, used 58994K [0x28150000, 0x30d23000, 0x32c00000)
   the space 143180K,  41% used [0x28150000, 0x2baec998, 0x2baeca00, 0x30d23000)
 compacting perm gen  total 12288K, used 1809K [0x32c00000, 0x33800000, 0x36c00000)
   the space 12288K,  14% used [0x32c00000, 0x32dc4590, 0x32dc4600, 0x33800000)
    ro space 10240K,  42% used [0x36c00000, 0x37036058, 0x37036200, 0x37600000)
    rw space 12288K,  51% used [0x37600000, 0x37c3bdb0, 0x37c3be00, 0x38200000)
Event: 648.753 GC heap after
Heap after GC invocations=1103 (full 292):
 def new generation   total 64512K, used 7104K [0x22c00000, 0x271f0000, 0x28150000)
  eden space 57408K,   0% used [0x22c00000, 0x22c00000, 0x26410000)
  from space 7104K, 100% used [0x26410000, 0x26b00000, 0x26b00000)
  to   space 7104K,   0% used [0x26b00000, 0x26b00000, 0x271f0000)
 tenured generation   total 143180K, used 87480K [0x28150000, 0x30d23000, 0x32c00000)
   the space 143180K,  61% used [0x28150000, 0x2d6be270, 0x2d6be400, 0x30d23000)
 compacting perm gen  total 12288K, used 1809K [0x32c00000, 0x33800000, 0x36c00000)
   the space 12288K,  14% used [0x32c00000, 0x32dc4590, 0x32dc4600, 0x33800000)
    ro space 10240K,  42% used [0x36c00000, 0x37036058, 0x37036200, 0x37600000)
    rw space 12288K,  51% used [0x37600000, 0x37c3bdb0, 0x37c3be00, 0x38200000)
}
Event: 649.034 GC heap before
{Heap before GC invocations=1103 (full 292):
 def new generation   total 64512K, used 64512K [0x22c00000, 0x271f0000, 0x28150000)
  eden space 57408K, 100% used [0x22c00000, 0x26410000, 0x26410000)
  from space 7104K, 100% used [0x26410000, 0x26b00000, 0x26b00000)
  to   space 7104K,   0% used [0x26b00000, 0x26b00000, 0x271f0000)
 tenured generation   total 143180K, used 87480K [0x28150000, 0x30d23000, 0x32c00000)
   the space 143180K,  61% used [0x28150000, 0x2d6be270, 0x2d6be400, 0x30d23000)
 compacting perm gen  total 12288K, used 1809K [0x32c00000, 0x33800000, 0x36c00000)
   the space 12288K,  14% used [0x32c00000, 0x32dc4590, 0x32dc4600, 0x33800000)
    ro space 10240K,  42% used [0x36c00000, 0x37036058, 0x37036200, 0x37600000)
    rw space 12288K,  51% used [0x37600000, 0x37c3bdb0, 0x37c3be00, 0x38200000)
Event: 649.149 GC heap after
Heap after GC invocations=1104 (full 292):
 def new generation   total 64512K, used 7104K [0x22c00000, 0x271f0000, 0x28150000)
  eden space 57408K,   0% used [0x22c00000, 0x22c00000, 0x26410000)
  from space 7104K, 100% used [0x26b00000, 0x271f0000, 0x271f0000)
  to   space 7104K,   0% used [0x26410000, 0x26410000, 0x26b00000)
 tenured generation   total 143180K, used 113467K [0x28150000, 0x30d23000, 0x32c00000)
   the space 143180K,  79% used [0x28150000, 0x2f01ec80, 0x2f01ee00, 0x30d23000)
 compacting perm gen  total 12288K, used 1809K [0x32c00000, 0x33800000, 0x36c00000)
   the space 12288K,  14% used [0x32c00000, 0x32dc4590, 0x32dc4600, 0x33800000)
    ro space 10240K,  42% used [0x36c00000, 0x37036058, 0x37036200, 0x37600000)
    rw space 12288K,  51% used [0x37600000, 0x37c3bdb0, 0x37c3be00, 0x38200000)
}
Event: 649.678 GC heap before
{Heap before GC invocations=1104 (full 292):
 def new generation   total 64512K, used 62818K [0x22c00000, 0x271f0000, 0x28150000)
  eden space 57408K,  97% used [0x22c00000, 0x26268830, 0x26410000)
  from space 7104K, 100% used [0x26b00000, 0x271f0000, 0x271f0000)
  to   space 7104K,   0% used [0x26410000, 0x26410000, 0x26b00000)
 tenured generation   total 143180K, used 113467K [0x28150000, 0x30d23000, 0x32c00000)
   the space 143180K,  79% used [0x28150000, 0x2f01ec80, 0x2f01ee00, 0x30d23000)
 compacting perm gen  total 12288K, used 1809K [0x32c00000, 0x33800000, 0x36c00000)
   the space 12288K,  14% used [0x32c00000, 0x32dc4590, 0x32dc4600, 0x33800000)
    ro space 10240K,  42% used [0x36c00000, 0x37036058, 0x37036200, 0x37600000)
    rw space 12288K,  51% used [0x37600000, 0x37c3bdb0, 0x37c3be00, 0x38200000)
Event: 649.719 GC heap after
Heap after GC invocations=1105 (full 292):
 def new generation   total 64512K, used 7104K [0x22c00000, 0x271f0000, 0x28150000)
  eden space 57408K,   0% used [0x22c00000, 0x22c00000, 0x26410000)
  from space 7104K, 100% used [0x26410000, 0x26b00000, 0x26b00000)
  to   space 7104K,   0% used [0x26b00000, 0x26b00000, 0x271f0000)
 tenured generation   total 143180K, used 121673K [0x28150000, 0x30d23000, 0x32c00000)
   the space 143180K,  84% used [0x28150000, 0x2f8225e8, 0x2f822600, 0x30d23000)
 compacting perm gen  total 12288K, used 1809K [0x32c00000, 0x33800000, 0x36c00000)
   the space 12288K,  14% used [0x32c00000, 0x32dc4590, 0x32dc4600, 0x33800000)
    ro space 10240K,  42% used [0x36c00000, 0x37036058, 0x37036200, 0x37600000)
    rw space 12288K,  51% used [0x37600000, 0x37c3bdb0, 0x37c3be00, 0x38200000)
}
Event: 650.336 GC heap before
{Heap before GC invocations=1105 (full 292):
 def new generation   total 64512K, used 64512K [0x22c00000, 0x271f0000, 0x28150000)
  eden space 57408K, 100% used [0x22c00000, 0x26410000, 0x26410000)
  from space 7104K, 100% used [0x26410000, 0x26b00000, 0x26b00000)
  to   space 7104K,   0% used [0x26b00000, 0x26b00000, 0x271f0000)
 tenured generation   total 143180K, used 121673K [0x28150000, 0x30d23000, 0x32c00000)
   the space 143180K,  84% used [0x28150000, 0x2f8225e8, 0x2f822600, 0x30d23000)
 compacting perm gen  total 12288K, used 1809K [0x32c00000, 0x33800000, 0x36c00000)
   the space 12288K,  14% used [0x32c00000, 0x32dc4590, 0x32dc4600, 0x33800000)
    ro space 10240K,  42% used [0x36c00000, 0x37036058, 0x37036200, 0x37600000)
    rw space 12288K,  51% used [0x37600000, 0x37c3bdb0, 0x37c3be00, 0x38200000)

Deoptimization events (0 events):
No events

Internal exceptions (10 events):
Event: 17.109 Thread 0x0085a000 Threw 0x2447d318 at C:\re\jdk7u79\2331\hotspot\src\share\vm\prims\jvm.cpp:1304
Event: 17.110 Thread 0x0085a000 Threw 0x24481ae8 at C:\re\jdk7u79\2331\hotspot\src\share\vm\prims\jvm.cpp:1304
Event: 17.115 Thread 0x0085a000 Threw 0x2448ae78 at C:\re\jdk7u79\2331\hotspot\src\share\vm\prims\jvm.cpp:1304
Event: 17.116 Thread 0x0085a000 Threw 0x244963c0 at C:\re\jdk7u79\2331\hotspot\src\share\vm\prims\jvm.cpp:1304
Event: 17.117 Thread 0x0085a000 Threw 0x2449cba8 at C:\re\jdk7u79\2331\hotspot\src\share\vm\prims\jvm.cpp:1304
Event: 17.118 Thread 0x0085a000 Threw 0x244a36a0 at C:\re\jdk7u79\2331\hotspot\src\share\vm\prims\jvm.cpp:1304
Event: 17.123 Thread 0x0085a000 Threw 0x244b7658 at C:\re\jdk7u79\2331\hotspot\src\share\vm\prims\jvm.cpp:1304
Event: 17.128 Thread 0x0085a000 Threw 0x2461f0f0 at C:\re\jdk7u79\2331\hotspot\src\share\vm\prims\jvm.cpp:1304
Event: 17.132 Thread 0x0085a000 Threw 0x24644988 at C:\re\jdk7u79\2331\hotspot\src\share\vm\prims\jvm.cpp:1304
Event: 17.187 Thread 0x0085a000 Threw 0x248470c8 at C:\re\jdk7u79\2331\hotspot\src\share\vm\prims\jvm.cpp:1304

Events (10 events):
Event: 647.896 Executing VM operation: GenCollectForAllocation done
Event: 648.164 Executing VM operation: GenCollectForAllocation
Event: 648.338 Executing VM operation: GenCollectForAllocation done
Event: 648.584 Executing VM operation: GenCollectForAllocation
Event: 648.753 Executing VM operation: GenCollectForAllocation done
Event: 649.034 Executing VM operation: GenCollectForAllocation
Event: 649.149 Executing VM operation: GenCollectForAllocation done
Event: 649.678 Executing VM operation: GenCollectForAllocation
Event: 649.719 Executing VM operation: GenCollectForAllocation done
Event: 650.336 Executing VM operation: GenCollectForAllocation


Dynamic libraries:
0x00400000 - 0x0042f000 	C:\Archivos de programa\Java\jre7\bin\javaw.exe
0x7c910000 - 0x7c9c5000 	C:\WINDOWS\system32\ntdll.dll
0x7c800000 - 0x7c903000 	C:\WINDOWS\system32\kernel32.dll
0x77da0000 - 0x77e4c000 	C:\WINDOWS\system32\ADVAPI32.dll
0x77e50000 - 0x77ee2000 	C:\WINDOWS\system32\RPCRT4.dll
0x77fc0000 - 0x77fd1000 	C:\WINDOWS\system32\Secur32.dll
0x7e390000 - 0x7e421000 	C:\WINDOWS\system32\USER32.dll
0x77ef0000 - 0x77f39000 	C:\WINDOWS\system32\GDI32.dll
0x773a0000 - 0x774a3000 	C:\WINDOWS\WinSxS\x86_Microsoft.Windows.Common-Controls_6595b64144ccf1df_6.0.2600.5512_x-ww_35d4ce83\COMCTL32.dll
0x77be0000 - 0x77c38000 	C:\WINDOWS\system32\msvcrt.dll
0x77f40000 - 0x77fb6000 	C:\WINDOWS\system32\SHLWAPI.dll
0x78aa0000 - 0x78b5f000 	C:\Archivos de programa\Java\jre7\bin\msvcr100.dll
0x6e7a0000 - 0x6eb29000 	C:\Archivos de programa\Java\jre7\bin\client\jvm.dll
0x71a50000 - 0x71a5a000 	C:\WINDOWS\system32\WSOCK32.dll
0x71a30000 - 0x71a47000 	C:\WINDOWS\system32\WS2_32.dll
0x71a20000 - 0x71a28000 	C:\WINDOWS\system32\WS2HELP.dll
0x76b00000 - 0x76b2e000 	C:\WINDOWS\system32\WINMM.dll
0x76bb0000 - 0x76bbb000 	C:\WINDOWS\system32\PSAPI.DLL
0x6e6f0000 - 0x6e6fc000 	C:\Archivos de programa\Java\jre7\bin\verify.dll
0x6d480000 - 0x6d4a0000 	C:\Archivos de programa\Java\jre7\bin\java.dll
0x6e780000 - 0x6e793000 	C:\Archivos de programa\Java\jre7\bin\zip.dll
0x6e4e0000 - 0x6e4f4000 	C:\Archivos de programa\Java\jre7\bin\net.dll
0x6e500000 - 0x6e50f000 	C:\Archivos de programa\Java\jre7\bin\nio.dll
0x719d0000 - 0x71a10000 	C:\WINDOWS\System32\mswsock.dll
0x76ee0000 - 0x76f07000 	C:\WINDOWS\system32\DNSAPI.dll
0x76f70000 - 0x76f78000 	C:\WINDOWS\System32\winrnr.dll
0x76f20000 - 0x76f4d000 	C:\WINDOWS\system32\WLDAP32.dll
0x76f80000 - 0x76f86000 	C:\WINDOWS\system32\rasadhlp.dll
0x10000000 - 0x10081000 	C:\Archivos de programa\Avira\AntiVir Desktop\avsda.dll
0x76d20000 - 0x76d39000 	C:\WINDOWS\system32\IPHLPAPI.DLL
0x66740000 - 0x66799000 	C:\WINDOWS\system32\hnetcfg.dll
0x71a10000 - 0x71a18000 	C:\WINDOWS\System32\wshtcpip.dll
0x5d4b0000 - 0x5d551000 	C:\WINDOWS\system32\dbghelp.dll
0x77bd0000 - 0x77bd8000 	C:\WINDOWS\system32\VERSION.dll

VM Arguments:
jvm_args: -Dfile.encoding=Cp1252 
java_command: Main
Launcher Type: SUN_STANDARD

Environment Variables:
PATH=C:/Archivos de programa/Java/jre7/bin/client;C:/Archivos de programa/Java/jre7/bin;C:/Archivos de programa/Java/jre7/lib/i386;C:\Archivos de programa\Rockwell Software\RSCommon;C:\WINDOWS\system32;C:\WINDOWS;C:\WINDOWS\System32\Wbem;C:\Archivos de programa\Archivos comunes\Adobe\AGL;C:\Python27\Scripts;C:\Python27\;C:\Archivos de programa\PostgreSQL\8.4\bin;C:\xampp\php;C:\Documents and Settings\All Users\Datos de programa\ComposerSetup\bin;C:\Documents and Settings\Anibal\Escritorio\eclipse;
USERNAME=Anibal
OS=Windows_NT
PROCESSOR_IDENTIFIER=x86 Family 6 Model 15 Stepping 13, GenuineIntel



---------------  S Y S T E M  ---------------

OS: Windows XP Build 2600 Service Pack 3

CPU:total 2 (2 cores per cpu, 1 threads per core) family 6 model 15 stepping 13, cmov, cx8, fxsr, mmx, sse, sse2, sse3, ssse3, tsc

Memory: 4k page, physical 2087276k(238960k free), swap 4025452k(1418464k free)

vm_info: Java HotSpot(TM) Client VM (24.79-b02) for windows-x86 JRE (1.7.0_79-b15), built on Apr 10 2015 16:49:13 by "java_re" with unknown MS VC++:1600

time: Mon Jul 27 22:24:13 2015
elapsed time: 650 seconds

