#
# A fatal error has been detected by the Java Runtime Environment:
#
#  EXCEPTION_ACCESS_VIOLATION (0xc0000005) at pc=0x6e81fb62, pid=6040, tid=4108
#
# JRE version: Java(TM) SE Runtime Environment (7.0_79-b15) (build 1.7.0_79-b15)
# Java VM: Java HotSpot(TM) Client VM (24.79-b02 mixed mode, sharing windows-x86 )
# Problematic frame:
# V  [jvm.dll+0x7fb62]
#
# Failed to write core dump. Minidumps are not enabled by default on client versions of Windows
#
# If you would like to submit a bug report, please visit:
#   http://bugreport.java.com/bugreport/crash.jsp
#

---------------  T H R E A D  ---------------

Current thread (0x02a5a000):  VMThread [stack: 0x02ca0000,0x02cf0000] [id=4108]

siginfo: ExceptionCode=0xc0000005, reading address 0x00000058

Registers:
EAX=0x00000000, EBX=0x00100004, ECX=0x376428a8, EDX=0x6ea4fec0
ESP=0x02cef784, EBP=0x02cef794, ESI=0x0085ebc0, EDI=0x23c1b8a8
EIP=0x6e81fb62, EFLAGS=0x00010202

Top of Stack: (sp=0x02cef784)
0x02cef784:   29020dbc 02cefa20 00100004 0085ebc0
0x02cef794:   02cef7a8 6e81fd76 23c1b8a8 29136000
0x02cef7a4:   29020dbc 02cef7c0 6e85bb79 29020dbc
0x02cef7b4:   28f8f600 28df57e0 02cef804 02cef7e4
0x02cef7c4:   6e82e1fe 28df57e0 02cef804 28f8f600
0x02cef7d4:   00069a80 29136000 28150000 28f8f600
0x02cef7e4:   02cef818 6e82d77b 28f8f600 00069a80
0x02cef7f4:   28df57e0 29136000 02cef804 02a44bb0 

Instructions: (pc=0x6e81fb62)
0x6e81fb42:   83 e1 3f d3 e3 4a c1 f8 10 25 ff 00 00 00 03 da
0x6e81fb52:   03 d8 f7 d2 c1 eb 02 c1 ea 02 23 da eb 0a 8b 01
0x6e81fb62:   8b 50 58 57 ff d2 8b d8 8b 07 f6 d0 a8 01 8b 07
0x6e81fb72:   74 05 83 e0 fd 8b 00 c1 e8 03 83 e0 0f 3b 86 8c 


Register to memory mapping:

EAX=0x00000000 is an unknown value
EBX=0x00100004 is an unknown value
ECX=0x376428a8 is pointing into object: 0x37642898
{method} 
 - klass: {other class}
EDX=0x6ea4fec0 is an unknown value
ESP=0x02cef784 is an unknown value
EBP=0x02cef794 is an unknown value
ESI=0x0085ebc0 is an unknown value
EDI=
[error occurred during error reporting (printing register info), id 0xc0000005]

Stack: [0x02ca0000,0x02cf0000],  sp=0x02cef784,  free space=317k
Native frames: (J=compiled Java code, j=interpreted, Vv=VM code, C=native code)
V  [jvm.dll+0x7fb62]
V  [jvm.dll+0x7fd76]
V  [jvm.dll+0xbbb79]
V  [jvm.dll+0x8e1fe]
V  [jvm.dll+0x8d77b]
V  [jvm.dll+0x8d707]
V  [jvm.dll+0x7bb35]
V  [jvm.dll+0x7afc0]
V  [jvm.dll+0x7b728]
V  [jvm.dll+0x87fcc]
V  [jvm.dll+0x7b5e4]
V  [jvm.dll+0x86ddd]
V  [jvm.dll+0x807f7]
V  [jvm.dll+0x86719]
V  [jvm.dll+0x7d2a3]
V  [jvm.dll+0x1a0256]
V  [jvm.dll+0x16958b]
V  [jvm.dll+0x168941]
V  [jvm.dll+0x168d57]
V  [jvm.dll+0x168f52]
V  [jvm.dll+0x1a8d99]
C  [msvcr100.dll+0x5c556]
C  [msvcr100.dll+0x5c600]
C  [kernel32.dll+0xb713]

VM_Operation (0x0098ea94): GenCollectForAllocation, mode: safepoint, requested by thread 0x0085a000


---------------  P R O C E S S  ---------------

Java Threads: ( => current thread )
  0x02ad9c00 JavaThread "Service Thread" daemon [_thread_blocked, id=5040, stack(0x02e80000,0x02ed0000)]
  0x02acc000 JavaThread "C1 CompilerThread0" daemon [_thread_blocked, id=3264, stack(0x02e30000,0x02e80000)]
  0x02aca000 JavaThread "Attach Listener" daemon [_thread_blocked, id=604, stack(0x02de0000,0x02e30000)]
  0x02ac8c00 JavaThread "Signal Dispatcher" daemon [_thread_blocked, id=5928, stack(0x02d90000,0x02de0000)]
  0x02a60c00 JavaThread "Finalizer" daemon [_thread_blocked, id=5420, stack(0x02d40000,0x02d90000)]
  0x02a5bc00 JavaThread "Reference Handler" daemon [_thread_blocked, id=5952, stack(0x02cf0000,0x02d40000)]
  0x0085a000 JavaThread "main" [_thread_blocked, id=4988, stack(0x00940000,0x00990000)]

Other Threads:
=>0x02a5a000 VMThread [stack: 0x02ca0000,0x02cf0000] [id=4108]
  0x02ae5400 WatcherThread [stack: 0x02ed0000,0x02f20000] [id=3700]

VM state:at safepoint (normal execution)

VM Mutex/Monitor currently owned by a thread:  ([mutex/lock_event])
[0x00858d30] Threads_lock - owner thread: 0x02a5a000
[0x00859140] Heap_lock - owner thread: 0x0085a000

Heap
 def new generation   total 66176K, used 58880K [0x22c00000, 0x273c0000, 0x28150000)
  eden space 58880K, 100% used [0x22c00000, 0x26580000, 0x26580000)
  from space 7296K,   0% used [0x26ca0000, 0x26ca0000, 0x273c0000)
  to   space 7296K, 100% used [0x26580000, 0x26ca0000, 0x26ca0000)
 tenured generation   total 146884K, used 48176K [0x28150000, 0x310c1000, 0x32c00000)
   the space 146884K,  32% used [0x28150000, 0x2b05c328, 0x2b05c400, 0x310c1000)
 compacting perm gen  total 12288K, used 1809K [0x32c00000, 0x33800000, 0x36c00000)
   the space 12288K,  14% used [0x32c00000, 0x32dc44d0, 0x32dc4600, 0x33800000)
    ro space 10240K,  42% used [0x36c00000, 0x37036058, 0x37036200, 0x37600000)
    rw space 12288K,  51% used [0x37600000, 0x37c3bdb0, 0x37c3be00, 0x38200000)

Card table byte_map: [0x02b40000,0x02bf0000] byte_map_base: 0x02a2a000

Polling page: 0x00990000

Code Cache  [0x009c0000, 0x00b28000, 0x029c0000)
 total_blobs=614 nmethods=458 adapters=93 free_code_cache=31343Kb largest_free_block=32095232

Compilation events (10 events):
Event: 84.011 Thread 0x02acc000  454             java.io.ObjectStreamClass::<init> (10 bytes)
Event: 84.012 Thread 0x02acc000 nmethod 454 0x00b238c8 code [0x00b239c0, 0x00b23a40]
Event: 85.806 Thread 0x02acc000  455             java.io.ObjectStreamClass::getSerialVersionUID (33 bytes)
Event: 85.806 Thread 0x02acc000 nmethod 455 0x00b23a88 code [0x00b23b90, 0x00b23ccc]
Event: 94.239 Thread 0x02acc000  456             java.io.ObjectInputStream$HandleTable::size (5 bytes)
Event: 94.239 Thread 0x02acc000 nmethod 456 0x00b23d88 code [0x00b23e80, 0x00b23f00]
Event: 94.239 Thread 0x02acc000  457             java.io.ObjectInputStream$HandleTable::lookupObject (26 bytes)
Event: 94.239 Thread 0x02acc000 nmethod 457 0x00b23f48 code [0x00b24050, 0x00b24130]
Event: 94.323 Thread 0x02acc000  458             java.io.ObjectStreamClass::getResolveException (5 bytes)
Event: 94.323 Thread 0x02acc000 nmethod 458 0x00b24248 code [0x00b24340, 0x00b243c0]

GC Heap History (10 events):
Event: 93.027 GC heap after
Heap after GC invocations=159 (full 42):
 def new generation   total 66176K, used 0K [0x22c00000, 0x273c0000, 0x28150000)
  eden space 58880K,   0% used [0x22c00000, 0x22c00000, 0x26580000)
  from space 7296K,   0% used [0x26ca0000, 0x26ca0000, 0x273c0000)
  to   space 7296K,   0% used [0x26580000, 0x26580000, 0x26ca0000)
 tenured generation   total 146884K, used 41136K [0x28150000, 0x310c1000, 0x32c00000)
   the space 146884K,  28% used [0x28150000, 0x2a97c280, 0x2a97c400, 0x310c1000)
 compacting perm gen  total 12288K, used 1809K [0x32c00000, 0x33800000, 0x36c00000)
   the space 12288K,  14% used [0x32c00000, 0x32dc44d0, 0x32dc4600, 0x33800000)
    ro space 10240K,  42% used [0x36c00000, 0x37036058, 0x37036200, 0x37600000)
    rw space 12288K,  51% used [0x37600000, 0x37c3bdb0, 0x37c3be00, 0x38200000)
}
Event: 93.323 GC heap before
{Heap before GC invocations=159 (full 42):
 def new generation   total 66176K, used 58109K [0x22c00000, 0x273c0000, 0x28150000)
  eden space 58880K,  98% used [0x22c00000, 0x264bf7c0, 0x26580000)
  from space 7296K,   0% used [0x26ca0000, 0x26ca0000, 0x273c0000)
  to   space 7296K,   0% used [0x26580000, 0x26580000, 0x26ca0000)
 tenured generation   total 146884K, used 41136K [0x28150000, 0x310c1000, 0x32c00000)
   the space 146884K,  28% used [0x28150000, 0x2a97c280, 0x2a97c400, 0x310c1000)
 compacting perm gen  total 12288K, used 1809K [0x32c00000, 0x33800000, 0x36c00000)
   the space 12288K,  14% used [0x32c00000, 0x32dc44d0, 0x32dc4600, 0x33800000)
    ro space 10240K,  42% used [0x36c00000, 0x37036058, 0x37036200, 0x37600000)
    rw space 12288K,  51% used [0x37600000, 0x37c3bdb0, 0x37c3be00, 0x38200000)
Event: 93.508 GC heap after
Heap after GC invocations=160 (full 42):
 def new generation   total 66176K, used 7296K [0x22c00000, 0x273c0000, 0x28150000)
  eden space 58880K,   0% used [0x22c00000, 0x22c00000, 0x26580000)
  from space 7296K, 100% used [0x26580000, 0x26ca0000, 0x26ca0000)
  to   space 7296K,   0% used [0x26ca0000, 0x26ca0000, 0x273c0000)
 tenured generation   total 146884K, used 68683K [0x28150000, 0x310c1000, 0x32c00000)
   the space 146884K,  46% used [0x28150000, 0x2c462cc0, 0x2c462e00, 0x310c1000)
 compacting perm gen  total 12288K, used 1809K [0x32c00000, 0x33800000, 0x36c00000)
   the space 12288K,  14% used [0x32c00000, 0x32dc44d0, 0x32dc4600, 0x33800000)
    ro space 10240K,  42% used [0x36c00000, 0x37036058, 0x37036200, 0x37600000)
    rw space 12288K,  51% used [0x37600000, 0x37c3bdb0, 0x37c3be00, 0x38200000)
}
Event: 93.892 GC heap before
{Heap before GC invocations=160 (full 42):
 def new generation   total 66176K, used 66176K [0x22c00000, 0x273c0000, 0x28150000)
  eden space 58880K, 100% used [0x22c00000, 0x26580000, 0x26580000)
  from space 7296K, 100% used [0x26580000, 0x26ca0000, 0x26ca0000)
  to   space 7296K,   0% used [0x26ca0000, 0x26ca0000, 0x273c0000)
 tenured generation   total 146884K, used 68683K [0x28150000, 0x310c1000, 0x32c00000)
   the space 146884K,  46% used [0x28150000, 0x2c462cc0, 0x2c462e00, 0x310c1000)
 compacting perm gen  total 12288K, used 1809K [0x32c00000, 0x33800000, 0x36c00000)
   the space 12288K,  14% used [0x32c00000, 0x32dc44d0, 0x32dc4600, 0x33800000)
    ro space 10240K,  42% used [0x36c00000, 0x37036058, 0x37036200, 0x37600000)
    rw space 12288K,  51% used [0x37600000, 0x37c3bdb0, 0x37c3be00, 0x38200000)
Event: 94.064 GC heap after
Heap after GC invocations=161 (full 42):
 def new generation   total 66176K, used 7296K [0x22c00000, 0x273c0000, 0x28150000)
  eden space 58880K,   0% used [0x22c00000, 0x22c00000, 0x26580000)
  from space 7296K, 100% used [0x26ca0000, 0x273c0000, 0x273c0000)
  to   space 7296K,   0% used [0x26580000, 0x26580000, 0x26ca0000)
 tenured generation   total 146884K, used 97737K [0x28150000, 0x310c1000, 0x32c00000)
   the space 146884K,  66% used [0x28150000, 0x2e0c2428, 0x2e0c2600, 0x310c1000)
 compacting perm gen  total 12288K, used 1809K [0x32c00000, 0x33800000, 0x36c00000)
   the space 12288K,  14% used [0x32c00000, 0x32dc44d0, 0x32dc4600, 0x33800000)
    ro space 10240K,  42% used [0x36c00000, 0x37036058, 0x37036200, 0x37600000)
    rw space 12288K,  51% used [0x37600000, 0x37c3bdb0, 0x37c3be00, 0x38200000)
}
Event: 94.343 GC heap before
{Heap before GC invocations=161 (full 42):
 def new generation   total 66176K, used 66176K [0x22c00000, 0x273c0000, 0x28150000)
  eden space 58880K, 100% used [0x22c00000, 0x26580000, 0x26580000)
  from space 7296K, 100% used [0x26ca0000, 0x273c0000, 0x273c0000)
  to   space 7296K,   0% used [0x26580000, 0x26580000, 0x26ca0000)
 tenured generation   total 146884K, used 97737K [0x28150000, 0x310c1000, 0x32c00000)
   the space 146884K,  66% used [0x28150000, 0x2e0c2428, 0x2e0c2600, 0x310c1000)
 compacting perm gen  total 12288K, used 1809K [0x32c00000, 0x33800000, 0x36c00000)
   the space 12288K,  14% used [0x32c00000, 0x32dc44d0, 0x32dc4600, 0x33800000)
    ro space 10240K,  42% used [0x36c00000, 0x37036058, 0x37036200, 0x37600000)
    rw space 12288K,  51% used [0x37600000, 0x37c3bdb0, 0x37c3be00, 0x38200000)
Event: 94.498 GC heap after
Heap after GC invocations=162 (full 42):
 def new generation   total 66176K, used 7296K [0x22c00000, 0x273c0000, 0x28150000)
  eden space 58880K,   0% used [0x22c00000, 0x22c00000, 0x26580000)
  from space 7296K, 100% used [0x26580000, 0x26ca0000, 0x26ca0000)
  to   space 7296K,   0% used [0x26ca0000, 0x26ca0000, 0x273c0000)
 tenured generation   total 146884K, used 132062K [0x28150000, 0x310c1000, 0x32c00000)
   the space 146884K,  89% used [0x28150000, 0x30247ae0, 0x30247c00, 0x310c1000)
 compacting perm gen  total 12288K, used 1809K [0x32c00000, 0x33800000, 0x36c00000)
   the space 12288K,  14% used [0x32c00000, 0x32dc44d0, 0x32dc4600, 0x33800000)
    ro space 10240K,  42% used [0x36c00000, 0x37036058, 0x37036200, 0x37600000)
    rw space 12288K,  51% used [0x37600000, 0x37c3bdb0, 0x37c3be00, 0x38200000)
}
Event: 94.750 GC heap before
{Heap before GC invocations=162 (full 42):
 def new generation   total 66176K, used 66176K [0x22c00000, 0x273c0000, 0x28150000)
  eden space 58880K, 100% used [0x22c00000, 0x26580000, 0x26580000)
  from space 7296K, 100% used [0x26580000, 0x26ca0000, 0x26ca0000)
  to   space 7296K,   0% used [0x26ca0000, 0x26ca0000, 0x273c0000)
 tenured generation   total 146884K, used 132062K [0x28150000, 0x310c1000, 0x32c00000)
   the space 146884K,  89% used [0x28150000, 0x30247ae0, 0x30247c00, 0x310c1000)
 compacting perm gen  total 12288K, used 1809K [0x32c00000, 0x33800000, 0x36c00000)
   the space 12288K,  14% used [0x32c00000, 0x32dc44d0, 0x32dc4600, 0x33800000)
    ro space 10240K,  42% used [0x36c00000, 0x37036058, 0x37036200, 0x37600000)
    rw space 12288K,  51% used [0x37600000, 0x37c3bdb0, 0x37c3be00, 0x38200000)
Event: 95.224 GC heap after
Heap after GC invocations=163 (full 43):
 def new generation   total 66176K, used 0K [0x22c00000, 0x273c0000, 0x28150000)
  eden space 58880K,   0% used [0x22c00000, 0x22c00000, 0x26580000)
  from space 7296K,   0% used [0x26ca0000, 0x26ca0000, 0x273c0000)
  to   space 7296K,   0% used [0x26580000, 0x26580000, 0x26ca0000)
 tenured generation   total 146884K, used 46781K [0x28150000, 0x310c1000, 0x32c00000)
   the space 146884K,  31% used [0x28150000, 0x2aeff4b8, 0x2aeff600, 0x310c1000)
 compacting perm gen  total 12288K, used 1809K [0x32c00000, 0x33800000, 0x36c00000)
   the space 12288K,  14% used [0x32c00000, 0x32dc44d0, 0x32dc4600, 0x33800000)
    ro space 10240K,  42% used [0x36c00000, 0x37036058, 0x37036200, 0x37600000)
    rw space 12288K,  51% used [0x37600000, 0x37c3bdb0, 0x37c3be00, 0x38200000)
}
Event: 95.471 GC heap before
{Heap before GC invocations=163 (full 43):
 def new generation   total 66176K, used 58880K [0x22c00000, 0x273c0000, 0x28150000)
  eden space 58880K, 100% used [0x22c00000, 0x26580000, 0x26580000)
  from space 7296K,   0% used [0x26ca0000, 0x26ca0000, 0x273c0000)
  to   space 7296K,   0% used [0x26580000, 0x26580000, 0x26ca0000)
 tenured generation   total 146884K, used 46781K [0x28150000, 0x310c1000, 0x32c00000)
   the space 146884K,  31% used [0x28150000, 0x2aeff4b8, 0x2aeff600, 0x310c1000)
 compacting perm gen  total 12288K, used 1809K [0x32c00000, 0x33800000, 0x36c00000)
   the space 12288K,  14% used [0x32c00000, 0x32dc44d0, 0x32dc4600, 0x33800000)
    ro space 10240K,  42% used [0x36c00000, 0x37036058, 0x37036200, 0x37600000)
    rw space 12288K,  51% used [0x37600000, 0x37c3bdb0, 0x37c3be00, 0x38200000)

Deoptimization events (0 events):
No events

Internal exceptions (10 events):
Event: 4.063 Thread 0x0085a000 Threw 0x23a9f730 at C:\re\jdk7u79\2331\hotspot\src\share\vm\prims\jvm.cpp:1304
Event: 4.064 Thread 0x0085a000 Threw 0x23aa3f00 at C:\re\jdk7u79\2331\hotspot\src\share\vm\prims\jvm.cpp:1304
Event: 4.069 Thread 0x0085a000 Threw 0x23aad290 at C:\re\jdk7u79\2331\hotspot\src\share\vm\prims\jvm.cpp:1304
Event: 4.071 Thread 0x0085a000 Threw 0x23ab87d8 at C:\re\jdk7u79\2331\hotspot\src\share\vm\prims\jvm.cpp:1304
Event: 4.072 Thread 0x0085a000 Threw 0x23abefc0 at C:\re\jdk7u79\2331\hotspot\src\share\vm\prims\jvm.cpp:1304
Event: 4.073 Thread 0x0085a000 Threw 0x23ac5ab8 at C:\re\jdk7u79\2331\hotspot\src\share\vm\prims\jvm.cpp:1304
Event: 4.077 Thread 0x0085a000 Threw 0x23ad9a70 at C:\re\jdk7u79\2331\hotspot\src\share\vm\prims\jvm.cpp:1304
Event: 4.083 Thread 0x0085a000 Threw 0x23ae5178 at C:\re\jdk7u79\2331\hotspot\src\share\vm\prims\jvm.cpp:1304
Event: 4.087 Thread 0x0085a000 Threw 0x23b0aa10 at C:\re\jdk7u79\2331\hotspot\src\share\vm\prims\jvm.cpp:1304
Event: 4.142 Thread 0x0085a000 Threw 0x23d179d8 at C:\re\jdk7u79\2331\hotspot\src\share\vm\prims\jvm.cpp:1304

Events (10 events):
Event: 93.509 Executing VM operation: GenCollectForAllocation done
Event: 93.891 Executing VM operation: GenCollectForAllocation
Event: 94.064 Executing VM operation: GenCollectForAllocation done
Event: 94.343 Executing VM operation: GenCollectForAllocation
Event: 94.498 Executing VM operation: GenCollectForAllocation done
Event: 94.750 Executing VM operation: GenCollectForAllocation
Event: 95.224 Executing VM operation: GenCollectForAllocation done
Event: 95.224 Executing VM operation: RevokeBias
Event: 95.224 Executing VM operation: RevokeBias done
Event: 95.471 Executing VM operation: GenCollectForAllocation


Dynamic libraries:
0x00400000 - 0x0042f000 	C:\Archivos de programa\Java\jre7\bin\javaw.exe
0x7c910000 - 0x7c9c5000 	C:\WINDOWS\system32\ntdll.dll
0x7c800000 - 0x7c903000 	C:\WINDOWS\system32\kernel32.dll
0x77da0000 - 0x77e4c000 	C:\WINDOWS\system32\ADVAPI32.dll
0x77e50000 - 0x77ee2000 	C:\WINDOWS\system32\RPCRT4.dll
0x77fc0000 - 0x77fd1000 	C:\WINDOWS\system32\Secur32.dll
0x7e390000 - 0x7e421000 	C:\WINDOWS\system32\USER32.dll
0x77ef0000 - 0x77f39000 	C:\WINDOWS\system32\GDI32.dll
0x773a0000 - 0x774a3000 	C:\WINDOWS\WinSxS\x86_Microsoft.Windows.Common-Controls_6595b64144ccf1df_6.0.2600.5512_x-ww_35d4ce83\COMCTL32.dll
0x77be0000 - 0x77c38000 	C:\WINDOWS\system32\msvcrt.dll
0x77f40000 - 0x77fb6000 	C:\WINDOWS\system32\SHLWAPI.dll
0x78aa0000 - 0x78b5f000 	C:\Archivos de programa\Java\jre7\bin\msvcr100.dll
0x6e7a0000 - 0x6eb29000 	C:\Archivos de programa\Java\jre7\bin\client\jvm.dll
0x71a50000 - 0x71a5a000 	C:\WINDOWS\system32\WSOCK32.dll
0x71a30000 - 0x71a47000 	C:\WINDOWS\system32\WS2_32.dll
0x71a20000 - 0x71a28000 	C:\WINDOWS\system32\WS2HELP.dll
0x76b00000 - 0x76b2e000 	C:\WINDOWS\system32\WINMM.dll
0x76bb0000 - 0x76bbb000 	C:\WINDOWS\system32\PSAPI.DLL
0x6e6f0000 - 0x6e6fc000 	C:\Archivos de programa\Java\jre7\bin\verify.dll
0x6d480000 - 0x6d4a0000 	C:\Archivos de programa\Java\jre7\bin\java.dll
0x6e780000 - 0x6e793000 	C:\Archivos de programa\Java\jre7\bin\zip.dll
0x6e4e0000 - 0x6e4f4000 	C:\Archivos de programa\Java\jre7\bin\net.dll
0x6e500000 - 0x6e50f000 	C:\Archivos de programa\Java\jre7\bin\nio.dll
0x719d0000 - 0x71a10000 	C:\WINDOWS\System32\mswsock.dll
0x76ee0000 - 0x76f07000 	C:\WINDOWS\system32\DNSAPI.dll
0x76f70000 - 0x76f78000 	C:\WINDOWS\System32\winrnr.dll
0x76f20000 - 0x76f4d000 	C:\WINDOWS\system32\WLDAP32.dll
0x76f80000 - 0x76f86000 	C:\WINDOWS\system32\rasadhlp.dll
0x10000000 - 0x10081000 	C:\Archivos de programa\Avira\AntiVir Desktop\avsda.dll
0x76d20000 - 0x76d39000 	C:\WINDOWS\system32\IPHLPAPI.DLL
0x66740000 - 0x66799000 	C:\WINDOWS\system32\hnetcfg.dll
0x71a10000 - 0x71a18000 	C:\WINDOWS\System32\wshtcpip.dll
0x5d4b0000 - 0x5d551000 	C:\WINDOWS\system32\dbghelp.dll
0x77bd0000 - 0x77bd8000 	C:\WINDOWS\system32\VERSION.dll

VM Arguments:
jvm_args: -Dfile.encoding=Cp1252 
java_command: Main
Launcher Type: SUN_STANDARD

Environment Variables:
PATH=C:/Archivos de programa/Java/jre7/bin/client;C:/Archivos de programa/Java/jre7/bin;C:/Archivos de programa/Java/jre7/lib/i386;C:\Archivos de programa\Rockwell Software\RSCommon;C:\WINDOWS\system32;C:\WINDOWS;C:\WINDOWS\System32\Wbem;C:\Archivos de programa\Archivos comunes\Adobe\AGL;C:\Python27\Scripts;C:\Python27\;C:\Archivos de programa\PostgreSQL\8.4\bin;C:\xampp\php;C:\Documents and Settings\All Users\Datos de programa\ComposerSetup\bin;C:\Documents and Settings\Anibal\Escritorio\eclipse;
USERNAME=Anibal
OS=Windows_NT
PROCESSOR_IDENTIFIER=x86 Family 6 Model 15 Stepping 13, GenuineIntel



---------------  S Y S T E M  ---------------

OS: Windows XP Build 2600 Service Pack 3

CPU:total 2 (2 cores per cpu, 1 threads per core) family 6 model 15 stepping 13, cmov, cx8, fxsr, mmx, sse, sse2, sse3, ssse3, tsc

Memory: 4k page, physical 2087276k(415608k free), swap 4025452k(1591736k free)

vm_info: Java HotSpot(TM) Client VM (24.79-b02) for windows-x86 JRE (1.7.0_79-b15), built on Apr 10 2015 16:49:13 by "java_re" with unknown MS VC++:1600

time: Mon Jul 27 21:58:00 2015
elapsed time: 95 seconds

